This file contains any messages produced by compilers while
running configure, to aid debugging if configure makes a mistake.

It was created by test_harness configure 1.0, which was
generated by GNU Autoconf 2.68.  Invocation command line was

  $ ./configure 

## --------- ##
## Platform. ##
## --------- ##

hostname = bfg9000.internal.dresearch-fe.de
uname -m = x86_64
uname -r = 3.2.0-25-generic
uname -s = Linux
uname -v = #40-Ubuntu SMP Wed May 23 20:30:51 UTC 2012

/usr/bin/uname -p = unknown
/bin/uname -X     = unknown

/bin/arch              = unknown
/usr/bin/arch -k       = unknown
/usr/convex/getsysinfo = unknown
/usr/bin/hostinfo      = unknown
/bin/machine           = unknown
/usr/bin/oslevel       = unknown
/bin/universe          = unknown

PATH: /home/maniac/bin
PATH: /usr/lib/lightdm/lightdm
PATH: /usr/local/sbin
PATH: /usr/local/bin
PATH: /usr/sbin
PATH: /usr/bin
PATH: /sbin
PATH: /bin
PATH: /usr/games


## ----------- ##
## Core tests. ##
## ----------- ##

configure:1722: checking for a BSD-compatible install
configure:1790: result: /usr/bin/install -c
configure:1801: checking whether build environment is sane
configure:1851: result: yes
configure:1992: checking for a thread-safe mkdir -p
configure:2031: result: /bin/mkdir -p
configure:2044: checking for gawk
configure:2060: found /usr/bin/gawk
configure:2071: result: gawk
configure:2082: checking whether make sets $(MAKE)
configure:2104: result: yes
configure:2341: creating ./config.status

## ---------------------- ##
## Running config.status. ##
## ---------------------- ##

This file was extended by test_harness config.status 1.0, which was
generated by GNU Autoconf 2.68.  Invocation command line was

  CONFIG_FILES    = 
  CONFIG_HEADERS  = 
  CONFIG_LINKS    = 
  CONFIG_COMMANDS = 
  $ ./config.status 

on bfg9000.internal.dresearch-fe.de

config.status:750: creating Makefile

## ---------------- ##
## Cache variables. ##
## ---------------- ##

ac_cv_env_build_alias_set=
ac_cv_env_build_alias_value=
ac_cv_env_host_alias_set=
ac_cv_env_host_alias_value=
ac_cv_env_target_alias_set=
ac_cv_env_target_alias_value=
ac_cv_path_install='/usr/bin/install -c'
ac_cv_path_mkdir=/bin/mkdir
ac_cv_prog_AWK=gawk
ac_cv_prog_make_make_set=yes

## ----------------- ##
## Output variables. ##
## ----------------- ##

ACLOCAL='${SHELL} /CACHE/maniac/test_harness/build-aux/missing --run aclocal-1.11'
AMTAR='$${TAR-tar}'
AUTOCONF='${SHELL} /CACHE/maniac/test_harness/build-aux/missing --run autoconf'
AUTOHEADER='${SHELL} /CACHE/maniac/test_harness/build-aux/missing --run autoheader'
AUTOMAKE='${SHELL} /CACHE/maniac/test_harness/build-aux/missing --run automake-1.11'
AWK='gawk'
CYGPATH_W='echo'
DEFS='-DPACKAGE_NAME=\"test_harness\" -DPACKAGE_TARNAME=\"test_harness\" -DPACKAGE_VERSION=\"1.0\" -DPACKAGE_STRING=\"test_harness\ 1.0\" -DPACKAGE_BUGREPORT=\"kontakt@thilo-fromm.de\" -DPACKAGE_URL=\"\" -DPACKAGE=\"test_harness\" -DVERSION=\"1.0\"'
ECHO_C=''
ECHO_N='-n'
ECHO_T=''
INSTALL_DATA='${INSTALL} -m 644'
INSTALL_PROGRAM='${INSTALL}'
INSTALL_SCRIPT='${INSTALL}'
INSTALL_STRIP_PROGRAM='$(install_sh) -c -s'
LIBOBJS=''
LIBS=''
LTLIBOBJS=''
MAKEINFO='${SHELL} /CACHE/maniac/test_harness/build-aux/missing --run makeinfo'
MKDIR_P='/bin/mkdir -p'
PACKAGE='test_harness'
PACKAGE_BUGREPORT='kontakt@thilo-fromm.de'
PACKAGE_NAME='test_harness'
PACKAGE_STRING='test_harness 1.0'
PACKAGE_TARNAME='test_harness'
PACKAGE_URL=''
PACKAGE_VERSION='1.0'
PATH_SEPARATOR=':'
SET_MAKE=''
SHELL='/bin/sh'
STRIP=''
VERSION='1.0'
am__isrc=''
am__leading_dot='.'
am__tar='$${TAR-tar} chof - "$$tardir"'
am__untar='$${TAR-tar} xf -'
bindir='${exec_prefix}/bin'
build_alias=''
datadir='${datarootdir}'
datarootdir='${prefix}/share'
docdir='${datarootdir}/doc/${PACKAGE_TARNAME}'
dvidir='${docdir}'
exec_prefix='${prefix}'
host_alias=''
htmldir='${docdir}'
includedir='${prefix}/include'
infodir='${datarootdir}/info'
install_sh='${SHELL} /CACHE/maniac/test_harness/build-aux/install-sh'
libdir='${exec_prefix}/lib'
libexecdir='${exec_prefix}/libexec'
localedir='${datarootdir}/locale'
localstatedir='${prefix}/var'
mandir='${datarootdir}/man'
mkdir_p='/bin/mkdir -p'
oldincludedir='/usr/include'
pdfdir='${docdir}'
prefix='/usr/local'
program_transform_name='s,x,x,'
psdir='${docdir}'
sbindir='${exec_prefix}/sbin'
sharedstatedir='${prefix}/com'
sysconfdir='${prefix}/etc'
target_alias=''

## ----------- ##
## confdefs.h. ##
## ----------- ##

/* confdefs.h */
#define PACKAGE_NAME "test_harness"
#define PACKAGE_TARNAME "test_harness"
#define PACKAGE_VERSION "1.0"
#define PACKAGE_STRING "test_harness 1.0"
#define PACKAGE_BUGREPORT "kontakt@thilo-fromm.de"
#define PACKAGE_URL ""
#define PACKAGE "test_harness"
#define VERSION "1.0"

configure: exit 0
